<?xml version="1.0" encoding="UTF-8"?>
<testng-results skipped="0" failed="0" ignored="0" total="1" passed="1">
  <reporter-output>
  </reporter-output>
  <suite name="Suite" duration-ms="16299" started-at="2020-09-25T15:08:55Z" finished-at="2020-09-25T15:09:11Z">
    <groups>
    </groups>
    <test name="Test" duration-ms="16299" started-at="2020-09-25T15:08:55Z" finished-at="2020-09-25T15:09:11Z">
      <class name="com.maven.homeMavenPractice.AmazonLandingPage">
        <test-method status="PASS" signature="beforeTest()[pri:0, instance:com.maven.homeMavenPractice.AmazonLandingPage@45f45fa1]" name="beforeTest" is-config="true" duration-ms="10925" started-at="2020-09-25T15:08:55Z" finished-at="2020-09-25T15:09:06Z">
          <reporter-output>
          </reporter-output>
        </test-method> <!-- beforeTest -->
        <test-method status="PASS" signature="verifyLink()[pri:0, instance:com.maven.homeMavenPractice.AmazonLandingPage@45f45fa1]" name="verifyLink" duration-ms="860" started-at="2020-09-25T15:09:06Z" finished-at="2020-09-25T15:09:07Z">
          <reporter-output>
          </reporter-output>
        </test-method> <!-- verifyLink -->
        <test-method status="PASS" signature="afterTest()[pri:0, instance:com.maven.homeMavenPractice.AmazonLandingPage@45f45fa1]" name="afterTest" is-config="true" duration-ms="4391" started-at="2020-09-25T15:09:07Z" finished-at="2020-09-25T15:09:11Z">
          <reporter-output>
          </reporter-output>
        </test-method> <!-- afterTest -->
      </class> <!-- com.maven.homeMavenPractice.AmazonLandingPage -->
    </test> <!-- Test -->
  </suite> <!-- Suite -->
</testng-results>
