<?xml version="1.0" encoding="UTF-8"?>
<testng-results skipped="0" failed="0" ignored="0" total="1" passed="1">
  <reporter-output>
  </reporter-output>
  <suite name="Suite" duration-ms="14015" started-at="2020-09-24T03:47:07Z" finished-at="2020-09-24T03:47:21Z">
    <groups>
    </groups>
    <test name="Test" duration-ms="14015" started-at="2020-09-24T03:47:07Z" finished-at="2020-09-24T03:47:21Z">
      <class name="com.maven.homeMavenPractice.AmazonLandingPage">
        <test-method status="PASS" signature="beforeTest()[pri:0, instance:com.maven.homeMavenPractice.AmazonLandingPage@47542153]" name="beforeTest" is-config="true" duration-ms="7645" started-at="2020-09-24T03:47:07Z" finished-at="2020-09-24T03:47:14Z">
          <reporter-output>
          </reporter-output>
        </test-method> <!-- beforeTest -->
        <test-method status="PASS" signature="verifyLink()[pri:0, instance:com.maven.homeMavenPractice.AmazonLandingPage@47542153]" name="verifyLink" duration-ms="1814" started-at="2020-09-24T03:47:14Z" finished-at="2020-09-24T03:47:16Z">
          <reporter-output>
          </reporter-output>
        </test-method> <!-- verifyLink -->
        <test-method status="PASS" signature="afterTest()[pri:0, instance:com.maven.homeMavenPractice.AmazonLandingPage@47542153]" name="afterTest" is-config="true" duration-ms="4467" started-at="2020-09-24T03:47:16Z" finished-at="2020-09-24T03:47:21Z">
          <reporter-output>
          </reporter-output>
        </test-method> <!-- afterTest -->
      </class> <!-- com.maven.homeMavenPractice.AmazonLandingPage -->
    </test> <!-- Test -->
  </suite> <!-- Suite -->
</testng-results>
